WRAP 404.html
WRAP Break even point.html
WRAP Business Assessment.html
WRAP Cold Calling Assessment.html
WRAP Cold Calling That Converts.html
WRAP DispatchAI.html
WRAP Knowledge is Power.html
WRAP LastCall.html
WRAP Sales Assessment.html
SKIP base.html
WRAP blog/challenger_chapter_1.html
WRAP blog/challenger_chapter_2.html
WRAP blog/challenger_chapter_3.html
WRAP blog/challenger_chapter_4.html
WRAP blog/challenger_chapter_5.html
WRAP blog/challenger_chapter_6.html
WRAP blog/challenger_chapter_7.html
WRAP blog/challenger_chapter_8.html
WRAP blog/challenger_chapter_9.html
WRAP blog/challenger_outline.html
WRAP blog/challenger_summary.html
WRAP blog/cold_to_committed_chapter_1.html
WRAP blog/cold_to_committed_chapter_10.html
WRAP blog/cold_to_committed_chapter_2.html
WRAP blog/cold_to_committed_chapter_3.html
WRAP blog/cold_to_committed_chapter_4.html
WRAP blog/cold_to_committed_chapter_5.html
WRAP blog/cold_to_committed_chapter_6.html
WRAP blog/cold_to_committed_chapter_7.html
WRAP blog/cold_to_committed_chapter_8.html
WRAP blog/cold_to_committed_chapter_9.html
WRAP blog/cold_to_committed_outline.html
WRAP blog/cold_to_committed_summary.html
WRAP blog/hacking_sales_chapter_1.html
WRAP blog/hacking_sales_chapter_10.html
WRAP blog/hacking_sales_chapter_11.html
WRAP blog/hacking_sales_chapter_12.html
WRAP blog/hacking_sales_chapter_13.html
WRAP blog/hacking_sales_chapter_14.html
WRAP blog/hacking_sales_chapter_2.html
WRAP blog/hacking_sales_chapter_3.html
WRAP blog/hacking_sales_chapter_4.html
WRAP blog/hacking_sales_chapter_5.html
WRAP blog/hacking_sales_chapter_6.html
WRAP blog/hacking_sales_chapter_7.html
WRAP blog/hacking_sales_chapter_8.html
WRAP blog/hacking_sales_chapter_9.html
WRAP blog/hacking_sales_outline.html
WRAP blog/hacking_sales_summary.html
WRAP blog/sales_eq_chapter_1.html
WRAP blog/sales_eq_chapter_10.html
WRAP blog/sales_eq_chapter_11.html
WRAP blog/sales_eq_chapter_12.html
WRAP blog/sales_eq_chapter_13.html
WRAP blog/sales_eq_chapter_14.html
WRAP blog/sales_eq_chapter_15.html
WRAP blog/sales_eq_chapter_16.html
WRAP blog/sales_eq_chapter_17.html
WRAP blog/sales_eq_chapter_18.html
WRAP blog/sales_eq_chapter_19.html
WRAP blog/sales_eq_chapter_2.html
WRAP blog/sales_eq_chapter_20.html
WRAP blog/sales_eq_chapter_21.html
WRAP blog/sales_eq_chapter_22.html
WRAP blog/sales_eq_chapter_23.html
WRAP blog/sales_eq_chapter_24.html
WRAP blog/sales_eq_chapter_25.html
WRAP blog/sales_eq_chapter_26.html
WRAP blog/sales_eq_chapter_27.html
WRAP blog/sales_eq_chapter_28.html
WRAP blog/sales_eq_chapter_29.html
WRAP blog/sales_eq_chapter_3.html
WRAP blog/sales_eq_chapter_4.html
WRAP blog/sales_eq_chapter_5.html
WRAP blog/sales_eq_chapter_6.html
WRAP blog/sales_eq_chapter_7.html
WRAP blog/sales_eq_chapter_8.html
WRAP blog/sales_eq_chapter_9.html
WRAP blog/sales_eq_outline.html
WRAP blog/score_marketing_outline.html
WRAP blog/score_marketing_summary.html
WRAP blog/sell.html
WRAP blog/sell_chapter_1.html
WRAP blog/sell_chapter_10.html
WRAP blog/sell_chapter_2.html
WRAP blog/sell_chapter_3.html
WRAP blog/sell_chapter_4.html
WRAP blog/sell_chapter_5.html
WRAP blog/sell_chapter_6.html
WRAP blog/sell_chapter_7.html
WRAP blog/sell_chapter_8.html
WRAP blog/sell_chapter_9.html
WRAP blog/sell_outline.html
WRAP blog/sell_summary.html
WRAP blog/using_data_to_understand_your_buyer_outline.html
WRAP blog/using_data_to_understand_your_buyer_summary.html
WRAP blog-ultimate-guide.html
WRAP contact.html
WRAP demo.html
WRAP error.html
WRAP footer.html
WRAP header.html
WRAP header1.html
WRAP index.html
WRAP privacy.html
WRAP privacy1.html
WRAP results.html
WRAP services.html
WRAP services12.html
WRAP step_1.html
WRAP step_2.html
WRAP step_3.html
WRAP step_4.html
WRAP step_5.html
WRAP step_6.html
WRAP step_7.html
WRAP step_8.html
WRAP terms.html
WRAP terms1.html
WRAP test.html
WRAP unsubscribe.html
WRAP unsubscribe1.html
